extra:  -H date: Thu, 12 Mar 2020 13:58:09 GMT -H x-content-sha256: nmrpEeklYUQwLVzwadzXDWANeL3gsYr9wiuxuNh8a6I= -H content-type: application/json -H content-length: 428
{
  "compartmentId" : "ocid1.compartment.oc1..aaaaaaaadromjyzkt6f24wdtkxhpzovrvuuqt7keenqd4bryfhpay7ikotka",
  "definedTags" : {
    "Oracle-Tags" : {
      "CreatedBy" : "mike.lin@ctbcbank.com",
      "CreatedOn" : "2020-03-12T13:58:10.601Z"
    }
  },
  "displayName" : "mkRouteTable-pub",
  "freeformTags" : { },
  "id" : "ocid1.routetable.oc1.iad.aaaaaaaakxrv4v6twglzsz2wgij5q3rm7m4tttobdsc2rlprfarvv6eqjvnq",
  "lifecycleState" : "AVAILABLE",
  "routeRules" : [ {
    "cidrBlock" : "0.0.0.0/0",
    "destination" : "0.0.0.0/0",
    "destinationType" : "CIDR_BLOCK",
    "networkEntityId" : "ocid1.internetgateway.oc1.iad.aaaaaaaa742ezoi4dzkbwca5uhna4cf2seztmhiws6zsdzp7zugg7impgsca"
  } ],
  "timeCreated" : "2020-03-12T13:58:10.621Z",
  "vcnId" : "ocid1.vcn.oc1.iad.amaaaaaada5axoiasfegaani6apmy7s6dcq6fdnvfgushhhkjbwshxqj3mhq"
}