extra:  -H date: Thu, 12 Mar 2020 13:58:10 GMT -H x-content-sha256: SmBoVkZXO14Sv7GNMAKWkGSfknjpagt7FsaIZXVIEVA= -H content-type: application/json -H content-length: 697
{
  "availabilityDomain" : "ZwJq:US-ASHBURN-AD-1",
  "cidrBlock" : "10.0.0.0/24",
  "compartmentId" : "ocid1.compartment.oc1..aaaaaaaadromjyzkt6f24wdtkxhpzovrvuuqt7keenqd4bryfhpay7ikotka",
  "definedTags" : {
    "Oracle-Tags" : {
      "CreatedBy" : "mike.lin@ctbcbank.com",
      "CreatedOn" : "2020-03-12T13:58:11.689Z"
    }
  },
  "dhcpOptionsId" : "ocid1.dhcpoptions.oc1.iad.aaaaaaaam3csrfk3u2ewyvbxm6xzol46zaukvcwxir2rjtwlrp7low3p4qqa",
  "displayName" : "mkSubnet",
  "dnsLabel" : "mksubnet",
  "freeformTags" : { },
  "id" : "ocid1.subnet.oc1.iad.aaaaaaaa2iunzbhiv4qyl36sksyyj7hn2mddqirigge3m5kc56joojis2ioq",
  "lifecycleState" : "AVAILABLE",
  "prohibitPublicIpOnVnic" : false,
  "routeTableId" : "ocid1.routetable.oc1.iad.aaaaaaaakxrv4v6twglzsz2wgij5q3rm7m4tttobdsc2rlprfarvv6eqjvnq",
  "securityListIds" : [ "ocid1.securitylist.oc1.iad.aaaaaaaacmjyh2l4tc3w5vr6aec37ax7sfvfbzhpedupitwjyv7cx7oqvuba" ],
  "subnetDomainName" : "mksubnet.mkvcn.oraclevcn.com",
  "timeCreated" : "2020-03-12T13:58:11.716Z",
  "vcnId" : "ocid1.vcn.oc1.iad.amaaaaaada5axoiasfegaani6apmy7s6dcq6fdnvfgushhhkjbwshxqj3mhq",
  "virtualRouterIp" : "10.0.0.1",
  "virtualRouterMac" : "00:00:17:31:88:22"
}