extra:  -H date: Thu, 12 Mar 2020 13:58:05 GMT -H x-content-sha256: aXNtkpyqDClXTnH2Uhtg4cULpSa12vdxVP0VPCIPCmw= -H content-type: application/json -H content-length: 195
{
  "cidrBlock" : "10.0.0.0/16",
  "compartmentId" : "ocid1.compartment.oc1..aaaaaaaadromjyzkt6f24wdtkxhpzovrvuuqt7keenqd4bryfhpay7ikotka",
  "defaultDhcpOptionsId" : "ocid1.dhcpoptions.oc1.iad.aaaaaaaam3csrfk3u2ewyvbxm6xzol46zaukvcwxir2rjtwlrp7low3p4qqa",
  "defaultRouteTableId" : "ocid1.routetable.oc1.iad.aaaaaaaayfup75hiodjqd6geygnvwiu3upfsrqmsmgox6oq3urrucieodqkq",
  "defaultSecurityListId" : "ocid1.securitylist.oc1.iad.aaaaaaaacmjyh2l4tc3w5vr6aec37ax7sfvfbzhpedupitwjyv7cx7oqvuba",
  "definedTags" : {
    "Oracle-Tags" : {
      "CreatedBy" : "mike.lin@ctbcbank.com",
      "CreatedOn" : "2020-03-12T13:58:08.188Z"
    }
  },
  "displayName" : "mkVCN",
  "dnsLabel" : "mkvcn",
  "freeformTags" : { },
  "id" : "ocid1.vcn.oc1.iad.amaaaaaada5axoiasfegaani6apmy7s6dcq6fdnvfgushhhkjbwshxqj3mhq",
  "lifecycleState" : "AVAILABLE",
  "timeCreated" : "2020-03-12T13:58:08.191Z",
  "vcnDomainName" : "mkvcn.oraclevcn.com"
}